<?xml version="1.0" encoding="UTF-8" ?>

<testsuite failures="0" time="0.072" errors="0" skipped="0" tests="1" name="ArticleTest">
  <testcase classname="ArticleTest" name="createPost" time="0.072">
      </testcase>
</testsuite>
